2026-07-03 11:44:10,896  WARNING  XAUUSD: computed lots 0.0000 is well below broker minimum 0.01 - trading minimum would exceed intended 1% risk. Skipping.
2026-07-03 11:46:11,790  INFO  Starting trading bot...
2026-07-03 11:46:11,811  INFO  Connected to MT5 - account 0 on 
2026-07-03 11:46:11,812  INFO  Starting equity: $1000.00. Bot is running.
2026-07-03 11:46:11,813  INFO  Checking BTCUSD momentum...
2026-07-03 11:46:11,833  INFO  Checking XAUUSD trend...
2026-07-03 11:46:36,337  INFO  Bot stopped by user (Ctrl+C).
2026-07-03 11:46:36,338  INFO  MT5 connection closed.
2026-07-03 11:46:40,946  INFO  Starting trading bot...
2026-07-03 11:46:40,963  INFO  Connected to MT5 - account 0 on 
2026-07-03 11:46:40,963  INFO  Starting equity: $1000.00. Bot is running.
2026-07-03 11:46:40,964  INFO  Checking BTCUSD momentum...
2026-07-03 11:46:40,986  INFO  Checking XAUUSD trend...
2026-07-03 11:49:23,700  INFO  Bot stopped by user (Ctrl+C).
2026-07-03 11:49:23,700  INFO  MT5 connection closed.
2026-07-03 11:49:31,347  INFO  Starting trading bot...
2026-07-03 11:49:31,362  INFO  Connected to MT5 - account 52944941 on ICMarketsSC-Demo
2026-07-03 11:49:31,363  INFO  Starting equity: $1000.00. Bot is running.
2026-07-03 11:49:31,363  INFO  Checking BTCUSD momentum...
2026-07-03 11:49:31,375  INFO  Checking XAUUSD trend...
